{"C:\\Users\\ryano\\OneDrive\\Desktop\\New folder\\bot\\backend\\src\\app.ts": {"path":"C:\\Users\\ryano\\OneDrive\\Desktop\\New folder\\bot\\backend\\src\\app.ts","statementMap":{"0":{"start":{"line":1,"column":0},"end":{"line":1,"column":30}},"1":{"start":{"line":2,"column":0},"end":{"line":2,"column":24}},"2":{"start":{"line":3,"column":0},"end":{"line":3,"column":50}},"3":{"start":{"line":5,"column":13},"end":{"line":5,"column":29}},"4":{"start":{"line":8,"column":0},"end":{"line":8,"column":16}},"5":{"start":{"line":9,"column":0},"end":{"line":9,"column":24}},"6":{"start":{"line":12,"column":0},"end":{"line":14,"column":3}},"7":{"start":{"line":13,"column":2},"end":{"line":13,"column":29}},"8":{"start":{"line":17,"column":0},"end":{"line":17,"column":36}}},"fnMap":{"0":{"name":"(anonymous_1)","decl":{"start":{"line":12,"column":19},"end":{"line":12,"column":20}},"loc":{"start":{"line":12,"column":33},"end":{"line":14,"column":1}}}},"branchMap":{},"s":{"0":2,"1":2,"2":2,"3":2,"4":2,"5":2,"6":2,"7":1,"8":2},"f":{"0":1},"b":{}}
,"C:\\Users\\ryano\\OneDrive\\Desktop\\New folder\\bot\\backend\\src\\index.ts": {"path":"C:\\Users\\ryano\\OneDrive\\Desktop\\New folder\\bot\\backend\\src\\index.ts","statementMap":{"0":{"start":{"line":1,"column":0},"end":{"line":1,"column":32}},"1":{"start":{"line":2,"column":0},"end":{"line":2,"column":53}},"2":{"start":{"line":3,"column":0},"end":{"line":3,"column":24}},"3":{"start":{"line":4,"column":0},"end":{"line":4,"column":28}},"4":{"start":{"line":5,"column":0},"end":{"line":5,"column":28}},"5":{"start":{"line":7,"column":0},"end":{"line":7,"column":16}},"6":{"start":{"line":9,"column":13},"end":{"line":9,"column":37}},"7":{"start":{"line":10,"column":17},"end":{"line":10,"column":84}},"8":{"start":{"line":13,"column":0},"end":{"line":25,"column":5}},"9":{"start":{"line":15,"column":4},"end":{"line":15,"column":40}},"10":{"start":{"line":18,"column":4},"end":{"line":20,"column":7}},"11":{"start":{"line":19,"column":6},"end":{"line":19,"column":52}},"12":{"start":{"line":23,"column":4},"end":{"line":23,"column":54}},"13":{"start":{"line":24,"column":4},"end":{"line":24,"column":20}},"14":{"start":{"line":27,"column":0},"end":{"line":27,"column":16}},"15":{"start":{"line":28,"column":0},"end":{"line":28,"column":24}},"16":{"start":{"line":30,"column":0},"end":{"line":32,"column":3}},"17":{"start":{"line":31,"column":2},"end":{"line":31,"column":29}}},"fnMap":{"0":{"name":"(anonymous_1)","decl":{"start":{"line":14,"column":8},"end":{"line":14,"column":11}},"loc":{"start":{"line":14,"column":13},"end":{"line":21,"column":3}}},"1":{"name":"(anonymous_2)","decl":{"start":{"line":18,"column":21},"end":{"line":18,"column":24}},"loc":{"start":{"line":18,"column":26},"end":{"line":20,"column":5}}},"2":{"name":"(anonymous_3)","decl":{"start":{"line":22,"column":9},"end":{"line":22,"column":10}},"loc":{"start":{"line":22,"column":19},"end":{"line":25,"column":3}}},"3":{"name":"(anonymous_4)","decl":{"start":{"line":30,"column":19},"end":{"line":30,"column":20}},"loc":{"start":{"line":30,"column":52},"end":{"line":32,"column":1}}}},"branchMap":{"0":{"loc":{"start":{"line":9,"column":13},"end":{"line":9,"column":37}},"type":"binary-expr","locations":[{"start":{"line":9,"column":13},"end":{"line":9,"column":29}},{"start":{"line":9,"column":33},"end":{"line":9,"column":37}}]},"1":{"loc":{"start":{"line":10,"column":17},"end":{"line":10,"column":84}},"type":"binary-expr","locations":[{"start":{"line":10,"column":17},"end":{"line":10,"column":40}},{"start":{"line":10,"column":44},"end":{"line":10,"column":84}}]}},"s":{"0":0,"1":0,"2":0,"3":0,"4":0,"5":0,"6":0,"7":0,"8":0,"9":0,"10":0,"11":0,"12":0,"13":0,"14":0,"15":0,"16":0,"17":0},"f":{"0":0,"1":0,"2":0,"3":0},"b":{"0":[0,0],"1":[0,0]}}
,"C:\\Users\\ryano\\OneDrive\\Desktop\\New folder\\bot\\backend\\src\\controllers\\tokenController.ts": {"path":"C:\\Users\\ryano\\OneDrive\\Desktop\\New folder\\bot\\backend\\src\\controllers\\tokenController.ts","statementMap":{"0":{"start":{"line":2,"column":0},"end":{"line":2,"column":34}},"1":{"start":{"line":19,"column":27},"end":{"line":59,"column":1}},"2":{"start":{"line":23,"column":2},"end":{"line":58,"column":3}},"3":{"start":{"line":24,"column":22},"end":{"line":24,"column":30}},"4":{"start":{"line":27,"column":16},"end":{"line":27,"column":26}},"5":{"start":{"line":28,"column":24},"end":{"line":29,"column":60}},"6":{"start":{"line":30,"column":26},"end":{"line":30,"column":80}},"7":{"start":{"line":32,"column":18},"end":{"line":36,"column":6}},"8":{"start":{"line":38,"column":23},"end":{"line":38,"column":41}},"9":{"start":{"line":39,"column":4},"end":{"line":39,"column":48}},"10":{"start":{"line":41,"column":4},"end":{"line":57,"column":5}},"11":{"start":{"line":42,"column":25},"end":{"line":42,"column":44}},"12":{"start":{"line":43,"column":6},"end":{"line":52,"column":7}},"13":{"start":{"line":44,"column":8},"end":{"line":46,"column":11}},"14":{"start":{"line":48,"column":8},"end":{"line":51,"column":11}},"15":{"start":{"line":54,"column":6},"end":{"line":56,"column":9}},"16":{"start":{"line":19,"column":13},"end":{"line":19,"column":27}},"17":{"start":{"line":61,"column":31},"end":{"line":84,"column":1}},"18":{"start":{"line":62,"column":2},"end":{"line":83,"column":3}},"19":{"start":{"line":63,"column":19},"end":{"line":69,"column":11}},"20":{"start":{"line":71,"column":4},"end":{"line":71,"column":21}},"21":{"start":{"line":73,"column":4},"end":{"line":82,"column":5}},"22":{"start":{"line":74,"column":6},"end":{"line":77,"column":9}},"23":{"start":{"line":79,"column":6},"end":{"line":81,"column":9}},"24":{"start":{"line":61,"column":13},"end":{"line":61,"column":31}}},"fnMap":{"0":{"name":"(anonymous_1)","decl":{"start":{"line":19,"column":27},"end":{"line":19,"column":32}},"loc":{"start":{"line":22,"column":19},"end":{"line":59,"column":1}}},"1":{"name":"(anonymous_2)","decl":{"start":{"line":61,"column":31},"end":{"line":61,"column":36}},"loc":{"start":{"line":61,"column":85},"end":{"line":84,"column":1}}}},"branchMap":{"0":{"loc":{"start":{"line":28,"column":24},"end":{"line":29,"column":60}},"type":"cond-expr","locations":[{"start":{"line":28,"column":54},"end":{"line":28,"column":56}},{"start":{"line":29,"column":23},"end":{"line":29,"column":60}}]},"1":{"loc":{"start":{"line":29,"column":23},"end":{"line":29,"column":60}},"type":"cond-expr","locations":[{"start":{"line":29,"column":53},"end":{"line":29,"column":55}},{"start":{"line":29,"column":58},"end":{"line":29,"column":60}}]},"2":{"loc":{"start":{"line":41,"column":4},"end":{"line":57,"column":5}},"type":"if","locations":[{"start":{"line":41,"column":4},"end":{"line":57,"column":5}},{"start":{"line":53,"column":11},"end":{"line":57,"column":5}}]},"3":{"loc":{"start":{"line":43,"column":6},"end":{"line":52,"column":7}},"type":"if","locations":[{"start":{"line":43,"column":6},"end":{"line":52,"column":7}},{"start":{"line":47,"column":13},"end":{"line":52,"column":7}}]},"4":{"loc":{"start":{"line":73,"column":4},"end":{"line":82,"column":5}},"type":"if","locations":[{"start":{"line":73,"column":4},"end":{"line":82,"column":5}},{"start":{"line":78,"column":11},"end":{"line":82,"column":5}}]}},"s":{"0":2,"1":2,"2":2,"3":2,"4":2,"5":2,"6":2,"7":2,"8":2,"9":1,"10":1,"11":1,"12":1,"13":1,"14":0,"15":0,"16":2,"17":2,"18":2,"19":2,"20":2,"21":0,"22":0,"23":0,"24":2},"f":{"0":2,"1":2},"b":{"0":[2,0],"1":[0,0],"2":[1,0],"3":[1,0],"4":[0,0]}}
,"C:\\Users\\ryano\\OneDrive\\Desktop\\New folder\\bot\\backend\\src\\middleware\\validation.ts": {"path":"C:\\Users\\ryano\\OneDrive\\Desktop\\New folder\\bot\\backend\\src\\middleware\\validation.ts","statementMap":{"0":{"start":{"line":19,"column":32},"end":{"line":22,"column":1}},"1":{"start":{"line":21,"column":2},"end":{"line":21,"column":55}},"2":{"start":{"line":24,"column":33},"end":{"line":127,"column":1}},"3":{"start":{"line":29,"column":36},"end":{"line":29,"column":38}},"4":{"start":{"line":39,"column":6},"end":{"line":39,"column":14}},"5":{"start":{"line":42,"column":61},"end":{"line":51,"column":4}},"6":{"start":{"line":53,"column":3},"end":{"line":60,"column":5}},"7":{"start":{"line":54,"column":4},"end":{"line":59,"column":5}},"8":{"start":{"line":55,"column":6},"end":{"line":58,"column":9}},"9":{"start":{"line":63,"column":2},"end":{"line":69,"column":3}},"10":{"start":{"line":64,"column":4},"end":{"line":67,"column":7}},"11":{"start":{"line":68,"column":4},"end":{"line":68,"column":11}},"12":{"start":{"line":72,"column":2},"end":{"line":77,"column":3}},"13":{"start":{"line":73,"column":4},"end":{"line":76,"column":7}},"14":{"start":{"line":79,"column":2},"end":{"line":84,"column":3}},"15":{"start":{"line":80,"column":4},"end":{"line":83,"column":7}},"16":{"start":{"line":86,"column":2},"end":{"line":91,"column":3}},"17":{"start":{"line":87,"column":4},"end":{"line":90,"column":7}},"18":{"start":{"line":94,"column":60},"end":{"line":99,"column":4}},"19":{"start":{"line":101,"column":2},"end":{"line":108,"column":5}},"20":{"start":{"line":102,"column":4},"end":{"line":107,"column":5}},"21":{"start":{"line":103,"column":6},"end":{"line":106,"column":9}},"22":{"start":{"line":111,"column":2},"end":{"line":116,"column":3}},"23":{"start":{"line":112,"column":4},"end":{"line":115,"column":7}},"24":{"start":{"line":118,"column":2},"end":{"line":124,"column":3}},"25":{"start":{"line":119,"column":4},"end":{"line":122,"column":7}},"26":{"start":{"line":123,"column":4},"end":{"line":123,"column":11}},"27":{"start":{"line":126,"column":2},"end":{"line":126,"column":9}},"28":{"start":{"line":24,"column":13},"end":{"line":24,"column":33}}},"fnMap":{"0":{"name":"(anonymous_0)","decl":{"start":{"line":19,"column":32},"end":{"line":19,"column":33}},"loc":{"start":{"line":19,"column":61},"end":{"line":22,"column":1}}},"1":{"name":"(anonymous_1)","decl":{"start":{"line":24,"column":33},"end":{"line":24,"column":null}},"loc":{"start":{"line":28,"column":10},"end":{"line":127,"column":1}}},"2":{"name":"(anonymous_2)","decl":{"start":{"line":53,"column":77},"end":{"line":53,"column":78}},"loc":{"start":{"line":53,"column":96},"end":{"line":60,"column":3}}},"3":{"name":"(anonymous_3)","decl":{"start":{"line":101,"column":40},"end":{"line":101,"column":41}},"loc":{"start":{"line":101,"column":59},"end":{"line":108,"column":3}}}},"branchMap":{"0":{"loc":{"start":{"line":54,"column":4},"end":{"line":59,"column":5}},"type":"if","locations":[{"start":{"line":54,"column":4},"end":{"line":59,"column":5}}]},"1":{"loc":{"start":{"line":63,"column":2},"end":{"line":69,"column":3}},"type":"if","locations":[{"start":{"line":63,"column":2},"end":{"line":69,"column":3}}]},"2":{"loc":{"start":{"line":72,"column":2},"end":{"line":77,"column":3}},"type":"if","locations":[{"start":{"line":72,"column":2},"end":{"line":77,"column":3}}]},"3":{"loc":{"start":{"line":72,"column":6},"end":{"line":72,"column":51}},"type":"binary-expr","locations":[{"start":{"line":72,"column":6},"end":{"line":72,"column":10}},{"start":{"line":72,"column":15},"end":{"line":72,"column":30}},{"start":{"line":72,"column":34},"end":{"line":72,"column":50}}]},"4":{"loc":{"start":{"line":79,"column":2},"end":{"line":84,"column":3}},"type":"if","locations":[{"start":{"line":79,"column":2},"end":{"line":84,"column":3}}]},"5":{"loc":{"start":{"line":79,"column":6},"end":{"line":79,"column":57}},"type":"binary-expr","locations":[{"start":{"line":79,"column":6},"end":{"line":79,"column":12}},{"start":{"line":79,"column":17},"end":{"line":79,"column":34}},{"start":{"line":79,"column":38},"end":{"line":79,"column":56}}]},"6":{"loc":{"start":{"line":86,"column":2},"end":{"line":91,"column":3}},"type":"if","locations":[{"start":{"line":86,"column":2},"end":{"line":91,"column":3}}]},"7":{"loc":{"start":{"line":86,"column":6},"end":{"line":86,"column":66}},"type":"binary-expr","locations":[{"start":{"line":86,"column":6},"end":{"line":86,"column":21}},{"start":{"line":86,"column":25},"end":{"line":86,"column":66}}]},"8":{"loc":{"start":{"line":102,"column":4},"end":{"line":107,"column":5}},"type":"if","locations":[{"start":{"line":102,"column":4},"end":{"line":107,"column":5}}]},"9":{"loc":{"start":{"line":102,"column":8},"end":{"line":102,"column":46}},"type":"binary-expr","locations":[{"start":{"line":102,"column":8},"end":{"line":102,"column":33}},{"start":{"line":102,"column":37},"end":{"line":102,"column":46}}]},"10":{"loc":{"start":{"line":111,"column":2},"end":{"line":116,"column":3}},"type":"if","locations":[{"start":{"line":111,"column":2},"end":{"line":116,"column":3}}]},"11":{"loc":{"start":{"line":111,"column":6},"end":{"line":111,"column":75}},"type":"binary-expr","locations":[{"start":{"line":111,"column":6},"end":{"line":111,"column":31}},{"start":{"line":111,"column":35},"end":{"line":111,"column":75}}]},"12":{"loc":{"start":{"line":118,"column":2},"end":{"line":124,"column":3}},"type":"if","locations":[{"start":{"line":118,"column":2},"end":{"line":124,"column":3}}]}},"s":{"0":2,"1":2,"2":2,"3":3,"4":3,"5":3,"6":3,"7":24,"8":8,"9":3,"10":1,"11":1,"12":2,"13":0,"14":2,"15":0,"16":2,"17":0,"18":2,"19":2,"20":8,"21":0,"22":2,"23":0,"24":2,"25":0,"26":0,"27":2,"28":2},"f":{"0":2,"1":3,"2":24,"3":8},"b":{"0":[8],"1":[1],"2":[0],"3":[2,2,2],"4":[0],"5":[2,2,2],"6":[0],"7":[2,2],"8":[0],"9":[8,8],"10":[0],"11":[2,2],"12":[0]}}
,"C:\\Users\\ryano\\OneDrive\\Desktop\\New folder\\bot\\backend\\src\\models\\Token.ts": {"path":"C:\\Users\\ryano\\OneDrive\\Desktop\\New folder\\bot\\backend\\src\\models\\Token.ts","statementMap":{"0":{"start":{"line":1,"column":0},"end":{"line":1,"column":54}},"1":{"start":{"line":17,"column":20},"end":{"line":75,"column":2}},"2":{"start":{"line":37,"column":8},"end":{"line":37,"column":55}},"3":{"start":{"line":78,"column":0},"end":{"line":86,"column":3}},"4":{"start":{"line":79,"column":2},"end":{"line":84,"column":3}},"5":{"start":{"line":80,"column":16},"end":{"line":80,"column":26}},"6":{"start":{"line":81,"column":24},"end":{"line":82,"column":55}},"7":{"start":{"line":83,"column":4},"end":{"line":83,"column":80}},"8":{"start":{"line":85,"column":2},"end":{"line":85,"column":9}},"9":{"start":{"line":88,"column":0},"end":{"line":88,"column":60}}},"fnMap":{"0":{"name":"(anonymous_9)","decl":{"start":{"line":36,"column":17},"end":{"line":36,"column":26}},"loc":{"start":{"line":36,"column":35},"end":{"line":38,"column":7}}},"1":{"name":"(anonymous_10)","decl":{"start":{"line":78,"column":28},"end":{"line":78,"column":37}},"loc":{"start":{"line":78,"column":41},"end":{"line":86,"column":1}}}},"branchMap":{"0":{"loc":{"start":{"line":79,"column":2},"end":{"line":84,"column":3}},"type":"if","locations":[{"start":{"line":79,"column":2},"end":{"line":84,"column":3}}]},"1":{"loc":{"start":{"line":79,"column":6},"end":{"line":79,"column":59}},"type":"binary-expr","locations":[{"start":{"line":79,"column":6},"end":{"line":79,"column":25}},{"start":{"line":79,"column":29},"end":{"line":79,"column":59}}]},"2":{"loc":{"start":{"line":81,"column":24},"end":{"line":82,"column":55}},"type":"cond-expr","locations":[{"start":{"line":81,"column":49},"end":{"line":81,"column":51}},{"start":{"line":82,"column":23},"end":{"line":82,"column":55}}]},"3":{"loc":{"start":{"line":82,"column":23},"end":{"line":82,"column":55}},"type":"cond-expr","locations":[{"start":{"line":82,"column":48},"end":{"line":82,"column":50}},{"start":{"line":82,"column":53},"end":{"line":82,"column":55}}]}},"s":{"0":3,"1":3,"2":7,"3":3,"4":8,"5":8,"6":8,"7":8,"8":8,"9":3},"f":{"0":7,"1":8},"b":{"0":[8],"1":[8,2],"2":[6,2],"3":[0,2]}}
,"C:\\Users\\ryano\\OneDrive\\Desktop\\New folder\\bot\\backend\\src\\routes\\tokenRoutes.ts": {"path":"C:\\Users\\ryano\\OneDrive\\Desktop\\New folder\\bot\\backend\\src\\routes\\tokenRoutes.ts","statementMap":{"0":{"start":{"line":1,"column":0},"end":{"line":1,"column":33}},"1":{"start":{"line":2,"column":0},"end":{"line":2,"column":76}},"2":{"start":{"line":3,"column":0},"end":{"line":3,"column":59}},"3":{"start":{"line":5,"column":13},"end":{"line":5,"column":36}},"4":{"start":{"line":7,"column":0},"end":{"line":7,"column":54}},"5":{"start":{"line":8,"column":0},"end":{"line":8,"column":44}}},"fnMap":{},"branchMap":{},"s":{"0":2,"1":2,"2":2,"3":2,"4":2,"5":2},"f":{},"b":{}}
}
