TN:
SF:src\app.ts
FN:12,(anonymous_1)
FNF:1
FNH:1
FNDA:1,(anonymous_1)
DA:1,2
DA:2,2
DA:3,2
DA:5,2
DA:8,2
DA:9,2
DA:12,2
DA:13,1
DA:17,2
LF:9
LH:9
BRF:0
BRH:0
end_of_record
TN:
SF:src\index.ts
FN:14,(anonymous_1)
FN:18,(anonymous_2)
FN:22,(anonymous_3)
FN:30,(anonymous_4)
FNF:4
FNH:0
FNDA:0,(anonymous_1)
FNDA:0,(anonymous_2)
FNDA:0,(anonymous_3)
FNDA:0,(anonymous_4)
DA:1,0
DA:2,0
DA:3,0
DA:4,0
DA:5,0
DA:7,0
DA:9,0
DA:10,0
DA:13,0
DA:15,0
DA:18,0
DA:19,0
DA:23,0
DA:24,0
DA:27,0
DA:28,0
DA:30,0
DA:31,0
LF:18
LH:0
BRDA:9,0,0,0
BRDA:9,0,1,0
BRDA:10,1,0,0
BRDA:10,1,1,0
BRF:4
BRH:0
end_of_record
TN:
SF:src\controllers\tokenController.ts
FN:19,(anonymous_1)
FN:61,(anonymous_2)
FNF:2
FNH:2
FNDA:2,(anonymous_1)
FNDA:2,(anonymous_2)
DA:2,2
DA:19,2
DA:23,2
DA:24,2
DA:27,2
DA:28,2
DA:30,2
DA:32,2
DA:38,2
DA:39,1
DA:41,1
DA:42,1
DA:43,1
DA:44,1
DA:48,0
DA:54,0
DA:61,2
DA:62,2
DA:63,2
DA:71,2
DA:73,0
DA:74,0
DA:79,0
LF:23
LH:18
BRDA:28,0,0,2
BRDA:28,0,1,0
BRDA:29,1,0,0
BRDA:29,1,1,0
BRDA:41,2,0,1
BRDA:41,2,1,0
BRDA:43,3,0,1
BRDA:43,3,1,0
BRDA:73,4,0,0
BRDA:73,4,1,0
BRF:10
BRH:3
end_of_record
TN:
SF:src\middleware\validation.ts
FN:19,(anonymous_0)
FN:24,(anonymous_1)
FN:53,(anonymous_2)
FN:101,(anonymous_3)
FNF:4
FNH:4
FNDA:2,(anonymous_0)
FNDA:3,(anonymous_1)
FNDA:24,(anonymous_2)
FNDA:8,(anonymous_3)
DA:19,2
DA:21,2
DA:24,2
DA:29,3
DA:39,3
DA:42,3
DA:53,3
DA:54,24
DA:55,8
DA:63,3
DA:64,1
DA:68,1
DA:72,2
DA:73,0
DA:79,2
DA:80,0
DA:86,2
DA:87,0
DA:94,2
DA:101,2
DA:102,8
DA:103,0
DA:111,2
DA:112,0
DA:118,2
DA:119,0
DA:123,0
DA:126,2
LF:28
LH:21
BRDA:54,0,0,8
BRDA:63,1,0,1
BRDA:72,2,0,0
BRDA:72,3,0,2
BRDA:72,3,1,2
BRDA:72,3,2,2
BRDA:79,4,0,0
BRDA:79,5,0,2
BRDA:79,5,1,2
BRDA:79,5,2,2
BRDA:86,6,0,0
BRDA:86,7,0,2
BRDA:86,7,1,2
BRDA:102,8,0,0
BRDA:102,9,0,8
BRDA:102,9,1,8
BRDA:111,10,0,0
BRDA:111,11,0,2
BRDA:111,11,1,2
BRDA:118,12,0,0
BRF:20
BRH:14
end_of_record
TN:
SF:src\models\Token.ts
FN:36,(anonymous_9)
FN:78,(anonymous_10)
FNF:2
FNH:2
FNDA:7,(anonymous_9)
FNDA:8,(anonymous_10)
DA:1,3
DA:17,3
DA:37,7
DA:78,3
DA:79,8
DA:80,8
DA:81,8
DA:83,8
DA:85,8
DA:88,3
LF:10
LH:10
BRDA:79,0,0,8
BRDA:79,1,0,8
BRDA:79,1,1,2
BRDA:81,2,0,6
BRDA:81,2,1,2
BRDA:82,3,0,0
BRDA:82,3,1,2
BRF:7
BRH:6
end_of_record
TN:
SF:src\routes\tokenRoutes.ts
FNF:0
FNH:0
DA:1,2
DA:2,2
DA:3,2
DA:5,2
DA:7,2
DA:8,2
LF:6
LH:6
BRF:0
BRH:0
end_of_record
